d:\5sem_bstu\psp\lab8\servicelibrary\servicelibrary\x64\debug\servicelibrary.pch
d:\5sem_bstu\psp\lab8\servicelibrary\servicelibrary\x64\debug\vc143.pdb
d:\5sem_bstu\psp\lab8\servicelibrary\servicelibrary\x64\debug\vc143.idb
d:\5sem_bstu\psp\lab8\servicelibrary\servicelibrary\x64\debug\pch.obj
d:\5sem_bstu\psp\lab8\servicelibrary\servicelibrary\x64\debug\timeserver.obj
d:\5sem_bstu\psp\lab8\servicelibrary\servicelibrary\x64\debug\randserver.obj
d:\5sem_bstu\psp\lab8\servicelibrary\servicelibrary\x64\debug\echoserver.obj
d:\5sem_bstu\psp\lab8\servicelibrary\servicelibrary\x64\debug\dllmain.obj
d:\5sem_bstu\psp\lab8\servicelibrary\x64\debug\servicelibrary.dll
d:\5sem_bstu\psp\lab8\servicelibrary\x64\debug\servicelibrary.pdb
d:\5sem_bstu\psp\lab8\servicelibrary\x64\debug\servicelibrary.lib
d:\5sem_bstu\psp\lab8\servicelibrary\x64\debug\servicelibrary.exp
d:\5sem_bstu\psp\lab8\servicelibrary\servicelibrary\x64\debug\servicelibrary.ilk
d:\5sem_bstu\psp\lab8\servicelibrary\servicelibrary\x64\debug\servicelibrary.tlog\cl.command.1.tlog
d:\5sem_bstu\psp\lab8\servicelibrary\servicelibrary\x64\debug\servicelibrary.tlog\cl.items.tlog
d:\5sem_bstu\psp\lab8\servicelibrary\servicelibrary\x64\debug\servicelibrary.tlog\cl.read.1.tlog
d:\5sem_bstu\psp\lab8\servicelibrary\servicelibrary\x64\debug\servicelibrary.tlog\cl.write.1.tlog
d:\5sem_bstu\psp\lab8\servicelibrary\servicelibrary\x64\debug\servicelibrary.tlog\link.command.1.tlog
d:\5sem_bstu\psp\lab8\servicelibrary\servicelibrary\x64\debug\servicelibrary.tlog\link.read.1.tlog
d:\5sem_bstu\psp\lab8\servicelibrary\servicelibrary\x64\debug\servicelibrary.tlog\link.secondary.1.tlog
d:\5sem_bstu\psp\lab8\servicelibrary\servicelibrary\x64\debug\servicelibrary.tlog\link.write.1.tlog
